# JRE version: Java(TM) SE Runtime Environment (17.0.1+12) (build 17.0.1+12-LTS-39)
# Java VM: Java HotSpot(TM) 64-Bit Server VM (17.0.1+12-LTS-39, mixed mode, emulated-client, sharing, tiered, compressed oops, compressed class ptrs, g1 gc, windows-amd64)
GC Precious Log:
 CPUs: 8 total, 8 available
 Memory: 8052M
 Large Page Support: Disabled
 NUMA Support: Disabled
 Compressed Oops: Enabled (32-bit)
 Heap Region Size: 1M
 Heap Min Capacity: 8M
 Heap Initial Capacity: 126M
 Heap Max Capacity: 2014M
 Pre-touch: Disabled
 Parallel Workers: 8
 Concurrent Workers: 2
 Concurrent Refinement Workers: 8
 Periodic GC: Disabled
Heap:
 garbage-first heap   total 191488K, used 77016K [0x0000000082200000, 0x0000000100000000)
  region size 1024K, 54 young (55296K), 8 survivors (8192K)
 Metaspace       used 54562K, committed 55040K, reserved 1097728K
  class space    used 7150K, committed 7424K, reserved 1048576K
GC Heap History (20 events):
Event: 5.011 GC heap before
{Heap before GC invocations=5 (full 0):
 garbage-first heap   total 51200K, used 39286K [0x0000000082200000, 0x0000000100000000)
  region size 1024K, 32 young (32768K), 6 survivors (6144K)
 Metaspace       used 24058K, committed 24320K, reserved 1073152K
  class space    used 3298K, committed 3392K, reserved 1048576K
}
Event: 5.021 GC heap after
{Heap after GC invocations=6 (full 0):
 garbage-first heap   total 51200K, used 15913K [0x0000000082200000, 0x0000000100000000)
  region size 1024K, 7 young (7168K), 7 survivors (7168K)
 Metaspace       used 24058K, committed 24320K, reserved 1073152K
  class space    used 3298K, committed 3392K, reserved 1048576K
}
Event: 5.037 GC heap before
{Heap before GC invocations=6 (full 0):
 garbage-first heap   total 51200K, used 16937K [0x0000000082200000, 0x0000000100000000)
  region size 1024K, 8 young (8192K), 7 survivors (7168K)
 Metaspace       used 24304K, committed 24640K, reserved 1073152K
  class space    used 3318K, committed 3456K, reserved 1048576K
}
Event: 5.045 GC heap after
{Heap after GC invocations=7 (full 0):
 garbage-first heap   total 51200K, used 16295K [0x0000000082200000, 0x0000000100000000)
  region size 1024K, 1 young (1024K), 1 survivors (1024K)
 Metaspace       used 24304K, committed 24640K, reserved 1073152K
  class space    used 3318K, committed 3456K, reserved 1048576K
}
Event: 5.308 GC heap before
{Heap before GC invocations=7 (full 0):
 garbage-first heap   total 51200K, used 35751K [0x0000000082200000, 0x0000000100000000)
  region size 1024K, 21 young (21504K), 1 survivors (1024K)
 Metaspace       used 25938K, committed 26240K, reserved 1073152K
  class space    used 3497K, committed 3648K, reserved 1048576K
}
Event: 5.311 GC heap after
{Heap after GC invocations=8 (full 0):
 garbage-first heap   total 51200K, used 16295K [0x0000000082200000, 0x0000000100000000)
  region size 1024K, 1 young (1024K), 1 survivors (1024K)
 Metaspace       used 25938K, committed 26240K, reserved 1073152K
  class space    used 3497K, committed 3648K, reserved 1048576K
}
Event: 5.595 GC heap before
{Heap before GC invocations=8 (full 0):
 garbage-first heap   total 51200K, used 37799K [0x0000000082200000, 0x0000000100000000)
  region size 1024K, 22 young (22528K), 1 survivors (1024K)
 Metaspace       used 27027K, committed 27392K, reserved 1073152K
  class space    used 3600K, committed 3776K, reserved 1048576K
}
Event: 5.600 GC heap after
{Heap after GC invocations=9 (full 0):
 garbage-first heap   total 102400K, used 17872K [0x0000000082200000, 0x0000000100000000)
  region size 1024K, 3 young (3072K), 3 survivors (3072K)
 Metaspace       used 27027K, committed 27392K, reserved 1073152K
  class space    used 3600K, committed 3776K, reserved 1048576K
}
Event: 6.263 GC heap before
{Heap before GC invocations=9 (full 0):
 garbage-first heap   total 102400K, used 76240K [0x0000000082200000, 0x0000000100000000)
  region size 1024K, 60 young (61440K), 3 survivors (3072K)
 Metaspace       used 32298K, committed 32640K, reserved 1081344K
  class space    used 4272K, committed 4416K, reserved 1048576K
}
Event: 6.267 GC heap after
{Heap after GC invocations=10 (full 0):
 garbage-first heap   total 102400K, used 20391K [0x0000000082200000, 0x0000000100000000)
  region size 1024K, 5 young (5120K), 5 survivors (5120K)
 Metaspace       used 32298K, committed 32640K, reserved 1081344K
  class space    used 4272K, committed 4416K, reserved 1048576K
}
Event: 6.810 GC heap before
{Heap before GC invocations=10 (full 0):
 garbage-first heap   total 102400K, used 39847K [0x0000000082200000, 0x0000000100000000)
  region size 1024K, 25 young (25600K), 5 survivors (5120K)
 Metaspace       used 35830K, committed 36096K, reserved 1081344K
  class space    used 4678K, committed 4800K, reserved 1048576K
}
Event: 6.816 GC heap after
{Heap after GC invocations=11 (full 0):
 garbage-first heap   total 102400K, used 22678K [0x0000000082200000, 0x0000000100000000)
  region size 1024K, 7 young (7168K), 7 survivors (7168K)
 Metaspace       used 35830K, committed 36096K, reserved 1081344K
  class space    used 4678K, committed 4800K, reserved 1048576K
}
Event: 6.981 GC heap before
{Heap before GC invocations=12 (full 0):
 garbage-first heap   total 81920K, used 67734K [0x0000000082200000, 0x0000000100000000)
  region size 1024K, 52 young (53248K), 7 survivors (7168K)
 Metaspace       used 36124K, committed 36416K, reserved 1081344K
  class space    used 4735K, committed 4864K, reserved 1048576K
}
Event: 6.986 GC heap after
{Heap after GC invocations=13 (full 0):
 garbage-first heap   total 81920K, used 23920K [0x0000000082200000, 0x0000000100000000)
  region size 1024K, 4 young (4096K), 4 survivors (4096K)
 Metaspace       used 36124K, committed 36416K, reserved 1081344K
  class space    used 4735K, committed 4864K, reserved 1048576K
}
Event: 6.988 GC heap before
{Heap before GC invocations=13 (full 0):
 garbage-first heap   total 81920K, used 24944K [0x0000000082200000, 0x0000000100000000)
  region size 1024K, 5 young (5120K), 4 survivors (4096K)
 Metaspace       used 36124K, committed 36416K, reserved 1081344K
  class space    used 4735K, committed 4864K, reserved 1048576K
}
Event: 6.991 GC heap after
{Heap after GC invocations=14 (full 0):
 garbage-first heap   total 81920K, used 23710K [0x0000000082200000, 0x0000000100000000)
  region size 1024K, 1 young (1024K), 1 survivors (1024K)
 Metaspace       used 36124K, committed 36416K, reserved 1081344K
  class space    used 4735K, committed 4864K, reserved 1048576K
}
Event: 7.988 GC heap before
{Heap before GC invocations=14 (full 0):
 garbage-first heap   total 81920K, used 64670K [0x0000000082200000, 0x0000000100000000)
  region size 1024K, 41 young (41984K), 1 survivors (1024K)
 Metaspace       used 40436K, committed 40832K, reserved 1089536K
  class space    used 5333K, committed 5568K, reserved 1048576K
}
Event: 7.992 GC heap after
{Heap after GC invocations=15 (full 0):
 garbage-first heap   total 191488K, used 26605K [0x0000000082200000, 0x0000000100000000)
  region size 1024K, 4 young (4096K), 4 survivors (4096K)
 Metaspace       used 40436K, committed 40832K, reserved 1089536K
  class space    used 5333K, committed 5568K, reserved 1048576K
}
Event: 1429.468 GC heap before
{Heap before GC invocations=15 (full 0):
 garbage-first heap   total 191488K, used 136173K [0x0000000082200000, 0x0000000100000000)
  region size 1024K, 112 young (114688K), 4 survivors (4096K)
 Metaspace       used 48810K, committed 49216K, reserved 1097728K
  class space    used 6459K, committed 6656K, reserved 1048576K
}
Event: 1429.491 GC heap after
{Heap after GC invocations=16 (full 0):
 garbage-first heap   total 191488K, used 30936K [0x0000000082200000, 0x0000000100000000)
  region size 1024K, 8 young (8192K), 8 survivors (8192K)
 Metaspace       used 48810K, committed 49216K, reserved 1097728K
  class space    used 6459K, committed 6656K, reserved 1048576K
}

